C:\Program Files (x86)\Microsoft Visual Studio\2019\Community\MSBuild\Microsoft\VC\v150\Platforms\Win32\PlatformToolsets\v141_xp\Toolset.targets(39,5): warning MSB8051: Support for targeting Windows XP is deprecated and will not be present in future releases of Visual Studio. Please see https://go.microsoft.com/fwlink/?linkid=2023588 for more information.
  BigFiles.cpp
  PluginDefinition.cpp
  Generating Code...
     Creating library C:\Users\mayu_\Documents\GitHub\BigFiles\Win32\Debug\BigFiles.lib and object C:\Users\mayu_\Documents\GitHub\BigFiles\Win32\Debug\BigFiles.exp
  BigFiles.vcxproj -> C:\Users\mayu_\Documents\GitHub\BigFiles\Win32\Debug\BigFiles.dll
          1 file(s) copied.
  
  7-Zip 19.00 (x64) : Copyright (c) 1999-2018 Igor Pavlov : 2019-02-21
  
  Open archive: C:\Users\mayu_\Documents\GitHub\BigFiles\Win32\Debug\BigFiles.zip
  --
  Path = C:\Users\mayu_\Documents\GitHub\BigFiles\Win32\Debug\BigFiles.zip
  Type = zip
  Physical Size = 408143
  
  Scanning the drive:
  2 files, 1504767 bytes (1470 KiB)
  
  Updating archive: C:\Users\mayu_\Documents\GitHub\BigFiles\Win32\Debug\BigFiles.zip
  
  Add new data to archive: 2 files, 1504767 bytes (1470 KiB)
  
  
  Files read from disk: 2
  Archive size: 408145 bytes (399 KiB)
  Everything is Ok
