c:\users\mayu_\documents\github\bigfiles\x64\debug\bigfiles.lib
c:\users\mayu_\documents\github\bigfiles\x64\debug\bigfiles.exp
c:\users\mayu_\documents\github\bigfiles\vs.proj\x64\debug\vc141.pdb
c:\users\mayu_\documents\github\bigfiles\vs.proj\x64\debug\vc141.idb
c:\users\mayu_\documents\github\bigfiles\vs.proj\x64\debug\plugindefinition.obj
c:\users\mayu_\documents\github\bigfiles\vs.proj\x64\debug\bigfiles.obj
c:\users\mayu_\documents\github\bigfiles\x64\debug\bigfiles.ilk
c:\users\mayu_\documents\github\bigfiles\x64\debug\bigfiles.dll
c:\users\mayu_\documents\github\bigfiles\x64\debug\bigfiles.pdb
c:\users\mayu_\documents\github\bigfiles\vs.proj\x64\debug\bigfiles.res
c:\users\mayu_\documents\github\bigfiles\vs.proj\x64\debug\bigfiles.tlog\bigfiles.write.1u.tlog
c:\users\mayu_\documents\github\bigfiles\vs.proj\x64\debug\bigfiles.tlog\cl.command.1.tlog
c:\users\mayu_\documents\github\bigfiles\vs.proj\x64\debug\bigfiles.tlog\cl.read.1.tlog
c:\users\mayu_\documents\github\bigfiles\vs.proj\x64\debug\bigfiles.tlog\cl.write.1.tlog
c:\users\mayu_\documents\github\bigfiles\vs.proj\x64\debug\bigfiles.tlog\link.command.1.tlog
c:\users\mayu_\documents\github\bigfiles\vs.proj\x64\debug\bigfiles.tlog\link.read.1.tlog
c:\users\mayu_\documents\github\bigfiles\vs.proj\x64\debug\bigfiles.tlog\link.write.1.tlog
c:\users\mayu_\documents\github\bigfiles\vs.proj\x64\debug\bigfiles.tlog\rc.command.1.tlog
c:\users\mayu_\documents\github\bigfiles\vs.proj\x64\debug\bigfiles.tlog\rc.read.1.tlog
c:\users\mayu_\documents\github\bigfiles\vs.proj\x64\debug\bigfiles.tlog\rc.write.1.tlog
