c:\users\mayu_\documents\github\bigfiles\vs.proj\bigfiles.lib
c:\users\mayu_\documents\github\bigfiles\vs.proj\bigfiles.exp
c:\users\mayu_\documents\github\bigfiles\x64\release\bigfiles.ipdb
c:\users\mayu_\documents\github\bigfiles\x64\release\bigfiles.iobj
c:\users\mayu_\documents\github\bigfiles\vs.proj\x64\release\vc141.pdb
c:\users\mayu_\documents\github\bigfiles\vs.proj\x64\release\plugindefinition.obj
c:\users\mayu_\documents\github\bigfiles\vs.proj\x64\release\bigfiles.obj
c:\users\mayu_\documents\github\bigfiles\x64\release\bigfiles.dll
c:\users\mayu_\documents\github\bigfiles\vs.proj\x64\release\bigfiles.res
c:\users\mayu_\documents\github\bigfiles\vs.proj\x64\release\bigfiles.tlog\bigfiles.write.1u.tlog
c:\users\mayu_\documents\github\bigfiles\vs.proj\x64\release\bigfiles.tlog\cl.command.1.tlog
c:\users\mayu_\documents\github\bigfiles\vs.proj\x64\release\bigfiles.tlog\cl.read.1.tlog
c:\users\mayu_\documents\github\bigfiles\vs.proj\x64\release\bigfiles.tlog\cl.write.1.tlog
c:\users\mayu_\documents\github\bigfiles\vs.proj\x64\release\bigfiles.tlog\link.command.1.tlog
c:\users\mayu_\documents\github\bigfiles\vs.proj\x64\release\bigfiles.tlog\link.delete.1.tlog
c:\users\mayu_\documents\github\bigfiles\vs.proj\x64\release\bigfiles.tlog\link.read.1.tlog
c:\users\mayu_\documents\github\bigfiles\vs.proj\x64\release\bigfiles.tlog\link.write.1.tlog
c:\users\mayu_\documents\github\bigfiles\vs.proj\x64\release\bigfiles.tlog\rc.command.1.tlog
c:\users\mayu_\documents\github\bigfiles\vs.proj\x64\release\bigfiles.tlog\rc.read.1.tlog
c:\users\mayu_\documents\github\bigfiles\vs.proj\x64\release\bigfiles.tlog\rc.write.1.tlog
